<?xml version="1.0" encoding="UTF-8"?>
<!-- Generated by org.testng.reporters.JUnitXMLReporter -->
<testsuite hostname="Oludotun_Home" name="Default test" tests="3" failures="0" timestamp="8 Oct 2016 18:52:09 GMT" time="36.921" errors="0">
  <testcase name="perfectSquare" time="0.017" classname="Main.Test.RealTest"/>
  <testcase name="primeNumber" time="36.852" classname="Main.Test.RealTest"/>
  <testcase name="randonGenerator" time="0.007" classname="Main.Test.RealTest"/>
</testsuite> <!-- Default test -->
