<?xml version="1.0" encoding="UTF-8"?>
<testng-results skipped="0" failed="0" total="3" passed="3">
  <reporter-output>
  </reporter-output>
  <suite name="Default suite" duration-ms="36921" started-at="2016-10-08T18:51:31Z" finished-at="2016-10-08T18:52:08Z">
    <groups>
    </groups>
    <test name="Default test" duration-ms="36921" started-at="2016-10-08T18:51:31Z" finished-at="2016-10-08T18:52:08Z">
      <class name="Main.Test.RealTest">
        <test-method status="PASS" signature="perfectSquare()[pri:0, instance:Main.Test.RealTest@20e2cbe0]" name="perfectSquare" duration-ms="17" started-at="2016-10-08T14:51:31Z" finished-at="2016-10-08T14:51:31Z">
          <reporter-output>
          </reporter-output>
        </test-method> <!-- perfectSquare -->
        <test-method status="PASS" signature="primeNumber()[pri:0, instance:Main.Test.RealTest@20e2cbe0]" name="primeNumber" duration-ms="36852" started-at="2016-10-08T14:51:31Z" finished-at="2016-10-08T14:52:08Z">
          <reporter-output>
          </reporter-output>
        </test-method> <!-- primeNumber -->
        <test-method status="PASS" signature="randonGenerator()[pri:0, instance:Main.Test.RealTest@20e2cbe0]" name="randonGenerator" duration-ms="7" started-at="2016-10-08T14:52:08Z" finished-at="2016-10-08T14:52:08Z">
          <reporter-output>
          </reporter-output>
        </test-method> <!-- randonGenerator -->
      </class> <!-- Main.Test.RealTest -->
    </test> <!-- Default test -->
  </suite> <!-- Default suite -->
</testng-results>
